<?xml version="1.0" encoding="UTF-8" ?>
<testsuite errors="0" failures="2" hostname="mac-spaeth.sit.fraunhofer.de" name="tests.yan.CollectionsTest" skipped="0" tests="4" time="17.99" timestamp="2015-06-16T11:58:22">
  <properties>
    <property name="java.vendor" value="Oracle Corporation" />
    <property name="sun.java.launcher" value="SUN_STANDARD" />
    <property name="eclipse.pdebuild.templates" value="/Applications/eclipse-luna/plugins/org.eclipse.pde.build_3.9.0.v20140415-2029/templates//" />
    <property name="sun.management.compiler" value="HotSpot 64-Bit Tiered Compilers" />
    <property name="os.name" value="Mac OS X" />
    <property name="sun.boot.class.path" value="/Library/Java/JavaVirtualMachines/jdk1.7.0_51.jdk/Contents/Home/jre/lib/resources.jar:/Library/Java/JavaVirtualMachines/jdk1.7.0_51.jdk/Contents/Home/jre/lib/rt.jar:/Library/Java/JavaVirtualMachines/jdk1.7.0_51.jdk/Contents/Home/jre/lib/sunrsasign.jar:/Library/Java/JavaVirtualMachines/jdk1.7.0_51.jdk/Contents/Home/jre/lib/jsse.jar:/Library/Java/JavaVirtualMachines/jdk1.7.0_51.jdk/Contents/Home/jre/lib/jce.jar:/Library/Java/JavaVirtualMachines/jdk1.7.0_51.jdk/Contents/Home/jre/lib/charsets.jar:/Library/Java/JavaVirtualMachines/jdk1.7.0_51.jdk/Contents/Home/jre/lib/jfr.jar:/Library/Java/JavaVirtualMachines/jdk1.7.0_51.jdk/Contents/Home/jre/classes" />
    <property name="java.vm.specification.vendor" value="Oracle Corporation" />
    <property name="ant.home" value="/Applications/eclipse-luna/plugins/org.apache.ant_1.9.2.v201404171502" />
    <property name="java.runtime.version" value="1.7.0_51-b13" />
    <property name="user.name" value="spaeth" />
    <property name="user.language" value="de" />
    <property name="sun.boot.library.path" value="/Library/Java/JavaVirtualMachines/jdk1.7.0_51.jdk/Contents/Home/jre/lib" />
    <property name="ant.project.default-target" value="compile" />
    <property name="ant.project.name" value="soot-infoflow" />
    <property name="java.version" value="1.7.0_51" />
    <property name="user.timezone" value="" />
    <property name="sun.arch.data.model" value="64" />
    <property name="http.nonProxyHosts" value="local|*.local|169.254/16|*.169.254/16" />
    <property name="java.endorsed.dirs" value="/Library/Java/JavaVirtualMachines/jdk1.7.0_51.jdk/Contents/Home/jre/lib/endorsed" />
    <property name="sun.cpu.isalist" value="" />
    <property name="sun.jnu.encoding" value="UTF-8" />
    <property name="file.encoding.pkg" value="sun.io" />
    <property name="file.separator" value="/" />
    <property name="java.specification.name" value="Java Platform API Specification" />
    <property name="java.class.version" value="51.0" />
    <property name="user.country" value="DE" />
    <property name="java.home" value="/Library/Java/JavaVirtualMachines/jdk1.7.0_51.jdk/Contents/Home/jre" />
    <property name="java.vm.info" value="mixed mode" />
    <property name="ant.file" value="/Users/spaeth/Documents/DART-related/alias-benchmark/AliasBenchmark/experiments.xml" />
    <property name="os.version" value="10.10.3" />
    <property name="path.separator" value=":" />
    <property name="java.vm.version" value="24.51-b03" />
    <property name="ant.file.soot-infoflow" value="/Users/spaeth/Documents/DART-related/alias-benchmark/AliasBenchmark/experiments.xml" />
    <property name="ant.library.dir" value="/Applications/eclipse-luna/plugins/org.apache.ant_1.9.2.v201404171502/lib" />
    <property name="java.awt.printerjob" value="sun.lwawt.macosx.CPrinterJob" />
    <property name="sun.io.unicode.encoding" value="UnicodeBig" />
    <property name="awt.toolkit" value="sun.lwawt.macosx.LWCToolkit" />
    <property name="socksNonProxyHosts" value="local|*.local|169.254/16|*.169.254/16" />
    <property name="ftp.nonProxyHosts" value="local|*.local|169.254/16|*.169.254/16" />
    <property name="eclipse.pdebuild.scripts" value="/Applications/eclipse-luna/plugins/org.eclipse.pde.build_3.9.0.v20140415-2029/scripts//" />
    <property name="user.home" value="/Users/spaeth" />
    <property name="java.specification.vendor" value="Oracle Corporation" />
    <property name="java.library.path" value="/Users/spaeth/Library/Java/Extensions:/Library/Java/Extensions:/Network/Library/Java/Extensions:/System/Library/Java/Extensions:/usr/lib/java:." />
    <property name="java.vendor.url" value="http://java.oracle.com/" />
    <property name="java.vm.vendor" value="Oracle Corporation" />
    <property name="gopherProxySet" value="false" />
    <property name="java.runtime.name" value="Java(TM) SE Runtime Environment" />
    <property name="sun.java.command" value="org.apache.tools.ant.taskdefs.optional.junit.JUnitTestRunner tests.yan.CollectionsTest filtertrace=true haltOnError=false haltOnFailure=false formatter=org.apache.tools.ant.taskdefs.optional.junit.OutErrSummaryJUnitResultFormatter showoutput=false outputtoformatters=true logfailedtests=true logtestlistenerevents=false formatter=org.apache.tools.ant.taskdefs.optional.junit.XMLJUnitResultFormatter,/Users/spaeth/Documents/DART-related/alias-benchmark/AliasBenchmark/reports/TEST-tests.yan.CollectionsTest.xml crashfile=/Users/spaeth/Documents/DART-related/alias-benchmark/AliasBenchmark/junitvmwatcher112291439188300785.properties propsfile=/Users/spaeth/Documents/DART-related/alias-benchmark/AliasBenchmark/junit1296943658868066194.properties" />
    <property name="java.class.path" value="/Users/spaeth/Documents/workspace/builds/soot-trunk.jar:/Users/spaeth/Documents/workspace/builds/dart.jar:/Users/spaeth/Documents/DART-related/alias-benchmark/AliasBenchmark/bin:/Users/spaeth/Documents/DART-related/alias-benchmark/AliasBenchmark/lib/junit.jar:/Users/spaeth/Documents/DART-related/alias-benchmark/AliasBenchmark/lib/org.hamcrest.core_1.3.0.jar:/Applications/eclipse-luna/plugins/org.apache.ant_1.9.2.v201404171502/lib/ant-launcher.jar:/Applications/eclipse-luna/plugins/org.apache.ant_1.9.2.v201404171502/lib/ant.jar:/Applications/eclipse-luna/plugins/org.apache.ant_1.9.2.v201404171502/lib/ant-junit.jar:/Applications/eclipse-luna/plugins/org.apache.ant_1.9.2.v201404171502/lib/ant-junit4.jar" />
    <property name="ant.version" value="Apache Ant(TM) version 1.9.2 compiled on July 8 2013" />
    <property name="ant.file.type.soot-infoflow" value="file" />
    <property name="java.vm.specification.name" value="Java Virtual Machine Specification" />
    <property name="java.vm.specification.version" value="1.7" />
    <property name="sun.cpu.endian" value="little" />
    <property name="sun.os.patch.level" value="unknown" />
    <property name="eclipse.pdebuild.home" value="/Applications/eclipse-luna/plugins/org.eclipse.pde.build_3.9.0.v20140415-2029/.//" />
    <property name="java.io.tmpdir" value="/var/folders/61/20qsh7_j6_ncnywwtd50d_qm0000gp/T/" />
    <property name="java.vendor.url.bug" value="http://bugreport.sun.com/bugreport/" />
    <property name="os.arch" value="x86_64" />
    <property name="java.awt.graphicsenv" value="sun.awt.CGraphicsEnvironment" />
    <property name="java.ext.dirs" value="/Users/spaeth/Library/Java/Extensions:/Library/Java/JavaVirtualMachines/jdk1.7.0_51.jdk/Contents/Home/jre/lib/ext:/Library/Java/Extensions:/Network/Library/Java/Extensions:/System/Library/Java/Extensions:/usr/lib/java" />
    <property name="user.dir" value="/Users/spaeth/Documents/DART-related/alias-benchmark/AliasBenchmark" />
    <property name="dart.jar" value="/Users/spaeth/Documents/workspace/builds/dart.jar" />
    <property name="line.separator" value="&#xa;" />
    <property name="java.vm.name" value="Java HotSpot(TM) 64-Bit Server VM" />
    <property name="soot.jar" value="/Users/spaeth/Documents/workspace/builds/soot-trunk.jar" />
    <property name="basedir" value="/Users/spaeth/Documents/DART-related/alias-benchmark/AliasBenchmark" />
    <property name="ant.java.version" value="1.7" />
    <property name="ant.core.lib" value="/Applications/eclipse-luna/plugins/org.apache.ant_1.9.2.v201404171502/lib/ant.jar" />
    <property name="file.encoding" value="US-ASCII" />
    <property name="java.specification.version" value="1.7" />
    <property name="ant.project.invoked-targets" value="reporttests" />
  </properties>
  <testcase classname="tests.yan.CollectionsTest" name="array1" time="2.438">
    <failure message=" FP:[a]" type="junit.framework.AssertionFailedError">junit.framework.AssertionFailedError:  FP:[a]
	at benchmark.internal.Evaluator.evaluateAlias(Evaluator.java:79)
	at tests.yan.YanExecutor.evaluate(YanExecutor.java:37)
	at benchmark.internal.Test$1.internalTransform(Test.java:45)
	at soot.SceneTransformer.transform(SceneTransformer.java:39)
	at soot.Transform.apply(Transform.java:90)
	at soot.ScenePack.internalApply(ScenePack.java:40)
	at soot.Pack.apply(Pack.java:116)
	at benchmark.internal.Test.getQueryForTest(Test.java:57)
	at benchmark.internal.Test.&lt;init&gt;(Test.java:30)
	at tests.yan.YanExecutor.&lt;init&gt;(YanExecutor.java:31)
	at tests.yan.CollectionsTest.array1(CollectionsTest.java:8)
</failure>
  </testcase>
  <testcase classname="tests.yan.CollectionsTest" name="array2" time="2.038" />
  <testcase classname="tests.yan.CollectionsTest" name="map1" time="7.753">
    <failure message=" FP:[a]" type="junit.framework.AssertionFailedError">junit.framework.AssertionFailedError:  FP:[a]
	at benchmark.internal.Evaluator.evaluateAlias(Evaluator.java:79)
	at tests.yan.YanExecutor.evaluate(YanExecutor.java:37)
	at benchmark.internal.Test$1.internalTransform(Test.java:45)
	at soot.SceneTransformer.transform(SceneTransformer.java:39)
	at soot.Transform.apply(Transform.java:90)
	at soot.ScenePack.internalApply(ScenePack.java:40)
	at soot.Pack.apply(Pack.java:116)
	at benchmark.internal.Test.getQueryForTest(Test.java:57)
	at benchmark.internal.Test.&lt;init&gt;(Test.java:30)
	at tests.yan.YanExecutor.&lt;init&gt;(YanExecutor.java:31)
	at tests.yan.CollectionsTest.map1(CollectionsTest.java:23)
</failure>
  </testcase>
  <testcase classname="tests.yan.CollectionsTest" name="list1" time="5.682" />
  <system-out><![CDATA[Warning: java.lang.invoke.LambdaMetafactory is a phantom class!
[Call Graph] For information on where the call graph may be incomplete, use the verbose option to the cg phase.
[Spark] Pointer Assignment Graph in 0.2 seconds.
[Spark] Type masks in 0.0 seconds.
[Spark] Pointer Graph simplified in 0.0 seconds.
[Spark] Propagation in 0.0 seconds.
[Spark] Solution found in 0.0 seconds.
Query at stmt staticinvoke <benchmark.internal.Benchmark: void test(java.lang.String,java.lang.String)>("c", "{allocId:1, mayAlias:[c,b], notMayAlias:[a,array], mustAlias:[c,b], notMustAlias:[a,array]}") for variable c
	Allocation site $r1 = new benchmark.objects.A -> alias: [b, c], not alias: [array, a]

[PARAMETER] SPA_BUDGET_NODES: 75000, SUMM_RATIO: 3, TIME_BUDGET: 2
THRESHOLD: 6
[DEBUG] average number of incoming CG edges: 2
THRESHOLD: 6
[DEBUG] average number of incoming CG edges: 2
THRESHOLD: 6
[DEBUG] average number of incoming CG edges: 2
THRESHOLD: 6
[DEBUG] average number of incoming CG edges: 2
=========RESULTS FOR  collections.Array1========
GT:2,[b, c]
FN:0,[]
FP:1,[a]
Warning: java.lang.invoke.LambdaMetafactory is a phantom class!
[Call Graph] For information on where the call graph may be incomplete, use the verbose option to the cg phase.
[Spark] Pointer Assignment Graph in 0.0 seconds.
[Spark] Type masks in 0.0 seconds.
[Spark] Pointer Graph simplified in 0.0 seconds.
[Spark] Propagation in 0.0 seconds.
[Spark] Solution found in 0.0 seconds.
Query at stmt staticinvoke <benchmark.internal.Benchmark: void test(java.lang.String,java.lang.String)>("slice", "{allocId:1, mayAlias:[slice], notMayAlias:[a,b,array], mustAlias:[slice], notMustAlias:[a,b,array]}") for variable slice
	Allocation site array = newarray (benchmark.objects.A[])[0] -> alias: [slice], not alias: [b, a, array]

THRESHOLD: 3
[DEBUG] average number of incoming CG edges: 1
THRESHOLD: 3
[DEBUG] average number of incoming CG edges: 1
THRESHOLD: 3
[DEBUG] average number of incoming CG edges: 1
THRESHOLD: 3
[DEBUG] average number of incoming CG edges: 1
=========RESULTS FOR  collections.Array2========
GT:1,[slice]
FN:0,[]
FP:0,[]
Warning: java.lang.invoke.LambdaMetafactory is a phantom class!
[Call Graph] For information on where the call graph may be incomplete, use the verbose option to the cg phase.
[Spark] Pointer Assignment Graph in 0.0 seconds.
[Spark] Type masks in 0.0 seconds.
[Spark] Pointer Graph simplified in 0.0 seconds.
[Spark] Propagation in 3.0 seconds.
[Spark] Solution found in 3.0 seconds.
Query at stmt staticinvoke <benchmark.internal.Benchmark: void test(java.lang.String,java.lang.String)>("c", "{allocId:1, mayAlias:[c,b], notMayAlias:[a,map], mustAlias:[c,b], notMustAlias:[a,map]}") for variable c
	Allocation site $r2 = new benchmark.objects.A -> alias: [b, c], not alias: [map, a]

THRESHOLD: 15
[DEBUG] average number of incoming CG edges: 5
THRESHOLD: 15
[DEBUG] average number of incoming CG edges: 5
THRESHOLD: 15
[DEBUG] average number of incoming CG edges: 5
THRESHOLD: 15
[DEBUG] average number of incoming CG edges: 5
=========RESULTS FOR  collections.Map1========
GT:2,[b, c]
FN:0,[]
FP:1,[a]
Warning: java.lang.invoke.LambdaMetafactory is a phantom class!
[Call Graph] For information on where the call graph may be incomplete, use the verbose option to the cg phase.
[Spark] Pointer Assignment Graph in 0.0 seconds.
[Spark] Type masks in 0.0 seconds.
[Spark] Pointer Graph simplified in 0.0 seconds.
[Spark] Propagation in 0.3 seconds.
[Spark] Solution found in 0.3 seconds.
Query at stmt staticinvoke <benchmark.internal.Benchmark: void test(java.lang.String,java.lang.String)>("b", "{allocId:1, mayAlias:[c,b], notMayAlias:[a,list], mustAlias:[c,b], notMustAlias:[a,list]}") for variable b
	Allocation site $r2 = new benchmark.objects.A -> alias: [b, c], not alias: [list, a]

THRESHOLD: 0
[DEBUG] average number of incoming CG edges: 0
THRESHOLD: 0
[DEBUG] average number of incoming CG edges: 0
THRESHOLD: 0
[DEBUG] average number of incoming CG edges: 0
THRESHOLD: 0
[DEBUG] average number of incoming CG edges: 0
=========RESULTS FOR  collections.List1========
GT:2,[b, c]
FN:0,[]
FP:0,[]
]]></system-out>
  <system-err><![CDATA[]]></system-err>
</testsuite>
